<?xml version="1.0" encoding="UTF-8"?>
<testng-results ignored="0" total="1" passed="1" failed="0" skipped="0">
  <reporter-output>
  </reporter-output>
  <suite started-at="2022-09-27T15:49:58 IST" name="Default suite" finished-at="2022-09-27T15:51:04 IST" duration-ms="66627">
    <groups>
    </groups>
    <test started-at="2022-09-27T15:49:58 IST" name="Default test" finished-at="2022-09-27T15:51:04 IST" duration-ms="66627">
      <class name="Page.Page2">
        <test-method signature="f()[pri:0, instance:Page.Page2@41e1e210]" started-at="2022-09-27T15:49:58 IST" name="f" finished-at="2022-09-27T15:51:02 IST" duration-ms="64641" status="PASS">
          <reporter-output>
          </reporter-output>
        </test-method> <!-- f -->
      </class> <!-- Page.Page2 -->
    </test> <!-- Default test -->
  </suite> <!-- Default suite -->
</testng-results>
